  Delaunay.cpp
c:\users\ricard guillem\downloads\grafics2\practica1\delaunay_triangulation\delaunay_triangulation\delaunay.cpp(17): warning C4018: '<': signed/unsigned mismatch
c:\users\ricard guillem\downloads\grafics2\practica1\delaunay_triangulation\delaunay_triangulation\delaunay.cpp(25): warning C4018: '<': signed/unsigned mismatch
c:\users\ricard guillem\downloads\grafics2\practica1\delaunay_triangulation\delaunay_triangulation\delaunay.cpp(46): warning C4018: '<': signed/unsigned mismatch
c:\users\ricard guillem\downloads\grafics2\practica1\delaunay_triangulation\delaunay_triangulation\delaunay.cpp(61): warning C4838: conversion from 'double' to 'float' requires a narrowing conversion
c:\users\ricard guillem\downloads\grafics2\practica1\delaunay_triangulation\delaunay_triangulation\delaunay.cpp(61): warning C4244: 'initializing': conversion from 'double' to 'float', possible loss of data
c:\users\ricard guillem\downloads\grafics2\practica1\delaunay_triangulation\delaunay_triangulation\delaunay.cpp(62): warning C4838: conversion from 'double' to 'float' requires a narrowing conversion
c:\users\ricard guillem\downloads\grafics2\practica1\delaunay_triangulation\delaunay_triangulation\delaunay.cpp(62): warning C4244: 'initializing': conversion from 'double' to 'float', possible loss of data
c:\users\ricard guillem\downloads\grafics2\practica1\delaunay_triangulation\delaunay_triangulation\delaunay.cpp(63): warning C4838: conversion from 'double' to 'float' requires a narrowing conversion
c:\users\ricard guillem\downloads\grafics2\practica1\delaunay_triangulation\delaunay_triangulation\delaunay.cpp(63): warning C4244: 'initializing': conversion from 'double' to 'float', possible loss of data
c:\users\ricard guillem\downloads\grafics2\practica1\delaunay_triangulation\delaunay_triangulation\delaunay.cpp(110): warning C4018: '<': signed/unsigned mismatch
c:\users\ricard guillem\downloads\grafics2\practica1\delaunay_triangulation\delaunay_triangulation\delaunay.cpp(111): warning C4018: '<': signed/unsigned mismatch
c:\users\ricard guillem\downloads\grafics2\practica1\delaunay_triangulation\delaunay_triangulation\delaunay.cpp(122): warning C4018: '<': signed/unsigned mismatch
c:\users\ricard guillem\downloads\grafics2\practica1\delaunay_triangulation\delaunay_triangulation\delaunay.cpp(146): warning C4101: 'r': unreferenced local variable
  Generating code
  2 of 412 functions ( 0.5%) were compiled, the rest were copied from previous compilation.
    0 functions were new in current compilation
    1 functions had inline decision re-evaluated but remain unchanged
  Finished generating code
  DelaunayTriangulation.vcxproj -> C:\Users\RICARD GUILLEM\Downloads\grafics2\practica1\Delaunay_Triangulation\Delaunay_Triangulation\Release\DelaunayTriangulation.exe
